[05/04/2016 11:07:18 PM] : Global : Global : User clicked the start game
[05/04/2016 11:07:28 PM] : Global : Global : User choose the Map file of MAX.dat
[05/04/2016 11:07:28 PM] : WAVE_1 : Null : Initial the creature.
[05/04/2016 11:07:31 PM] : WAVE_1 : Tower_1 :  was placed 
[05/04/2016 11:07:35 PM] : WAVE_1 : Tower_2 :  was placed 
[05/04/2016 11:07:38 PM] : WAVE_1 : Tower_3 :  was placed 
[05/04/2016 11:07:41 PM] : WAVE_1 : Tower_4 :  was placed 
[05/04/2016 11:07:41 PM] : WAVE_1 : Tower_4 :  attack creature.2
[05/04/2016 11:07:41 PM] : WAVE_1 : Tower_4 :  attack creature.2
[05/04/2016 11:07:42 PM] : WAVE_1 : Tower_4 :  attack creature.2
[05/04/2016 11:07:42 PM] : WAVE_1 : Tower_4 :  attack creature.3
[05/04/2016 11:07:42 PM] : WAVE_1 : Tower_4 :  attack creature.3
[05/04/2016 11:07:42 PM] : WAVE_1 : Tower_4 :  attack creature.3
[05/04/2016 11:07:42 PM] : WAVE_1 : Tower_4 :  attack creature.3
[05/04/2016 11:07:42 PM] : WAVE_1 : Tower_4 :  attack creature.3
[05/04/2016 11:07:42 PM] : WAVE_1 : Tower_4 :  attack creature.3
[05/04/2016 11:07:42 PM] : WAVE_1 : Tower_4 :  attack creature.3
[05/04/2016 11:07:43 PM] : WAVE_1 : Tower_4 :  attack creature.3
[05/04/2016 11:07:43 PM] : WAVE_1 : Tower_4 :  attack creature.3
[05/04/2016 11:07:43 PM] : WAVE_1 : Tower_4 :  attack creature.3
[05/04/2016 11:07:43 PM] : WAVE_1 : Tower_4 :  attack creature.4
[05/04/2016 11:07:43 PM] : WAVE_1 : Tower_4 :  attack creature.4
[05/04/2016 11:07:43 PM] : WAVE_1 : Tower_4 :  attack creature.4
[05/04/2016 11:07:43 PM] : WAVE_1 : Tower_4 :  attack creature.4
[05/04/2016 11:07:43 PM] : WAVE_1 : Tower_4 :  attack creature.4
[05/04/2016 11:07:43 PM] : WAVE_1 : Null : creature.5 is dead
[05/04/2016 11:07:43 PM] : WAVE_1 : Tower_4 :  attack creature.3
[05/04/2016 11:07:43 PM] : WAVE_1 : Null : creature.5 is dead
[05/04/2016 11:07:44 PM] : WAVE_1 : Tower_4 :  attack creature.3
[05/04/2016 11:07:44 PM] : WAVE_1 : Null : creature.4 is dead
[05/04/2016 11:07:44 PM] : WAVE_1 : Null : creature.5 is dead
[05/04/2016 11:07:44 PM] : WAVE_1 : Tower_4 :  attack creature.2
[05/04/2016 11:07:44 PM] : WAVE_1 : Null : creature.4 is dead
[05/04/2016 11:07:44 PM] : WAVE_1 : Tower_4 :  attack creature.2
[05/04/2016 11:07:44 PM] : WAVE_1 : Null : creature.4 is dead
[05/04/2016 11:07:44 PM] : WAVE_1 : Tower_4 :  attack creature.2
[05/04/2016 11:07:44 PM] : WAVE_1 : Null : creature.4 is dead
[05/04/2016 11:07:44 PM] : WAVE_1 : Tower_4 :  attack creature.2
[05/04/2016 11:07:44 PM] : WAVE_1 : Null : creature.4 is dead
[05/04/2016 11:07:44 PM] : WAVE_1 : Tower_4 :  attack creature.2
[05/04/2016 11:07:44 PM] : WAVE_1 : Null : creature.4 is dead
[05/04/2016 11:07:44 PM] : WAVE_1 : Tower_4 :  attack creature.2
[05/04/2016 11:07:44 PM] : WAVE_1 : Null : creature.4 is dead
[05/04/2016 11:07:44 PM] : WAVE_1 : Tower_4 :  attack creature.2
[05/04/2016 11:07:44 PM] : WAVE_1 : Null : creature.4 is dead
[05/04/2016 11:07:45 PM] : WAVE_1 : Tower_4 :  attack creature.2
[05/04/2016 11:07:45 PM] : WAVE_1 : Null : creature.4 is dead
[05/04/2016 11:07:45 PM] : WAVE_1 : Tower_4 :  attack creature.2
[05/04/2016 11:07:45 PM] : WAVE_1 : Null : creature.4 is dead
[05/04/2016 11:07:45 PM] : WAVE_1 : Tower_4 :  attack creature.2
[05/04/2016 11:07:45 PM] : WAVE_1 : Null : creature.4 is dead
[05/04/2016 11:07:45 PM] : WAVE_1 : Tower_3 :  attack creature.0
[05/04/2016 11:07:45 PM] : WAVE_1 : Tower_3 :  attack creature.0
[05/04/2016 11:07:45 PM] : WAVE_1 : Tower_3 :  attack creature.0
[05/04/2016 11:07:45 PM] : WAVE_1 : Tower_3 :  attack creature.0
[05/04/2016 11:07:45 PM] : WAVE_1 : Tower_3 :  attack creature.0
[05/04/2016 11:07:45 PM] : WAVE_1 : Tower_3 :  attack creature.0
[05/04/2016 11:07:45 PM] : WAVE_1 : Tower_3 :  attack creature.0
[05/04/2016 11:07:45 PM] : WAVE_1 : Tower_3 :  attack creature.0
[05/04/2016 11:07:45 PM] : WAVE_1 : Tower_3 :  attack creature.0
[05/04/2016 11:07:45 PM] : WAVE_1 : Tower_3 :  attack creature.0
[05/04/2016 11:07:45 PM] : WAVE_1 : Tower_3 :  attack creature.0
[05/04/2016 11:07:45 PM] : WAVE_1 : Tower_3 :  attack creature.0
[05/04/2016 11:07:45 PM] : WAVE_1 : Tower_3 :  attack creature.0
[05/04/2016 11:07:45 PM] : WAVE_1 : Tower_3 :  attack creature.0
[05/04/2016 11:07:45 PM] : WAVE_1 : Tower_3 :  attack creature.0
[05/04/2016 11:07:45 PM] : WAVE_1 : Tower_3 :  attack creature.0
[05/04/2016 11:07:45 PM] : WAVE_1 : Tower_3 :  attack creature.0
[05/04/2016 11:07:45 PM] : WAVE_1 : Tower_3 :  attack creature.0
[05/04/2016 11:07:46 PM] : WAVE_1 : Tower_3 :  attack creature.0
[05/04/2016 11:07:46 PM] : WAVE_1 : Tower_3 :  attack creature.0
[05/04/2016 11:07:46 PM] : WAVE_1 : Tower_3 :  attack creature.0
[05/04/2016 11:07:46 PM] : WAVE_1 : Tower_3 :  attack creature.0
[05/04/2016 11:07:46 PM] : WAVE_1 : Tower_3 :  attack creature.0
[05/04/2016 11:07:46 PM] : WAVE_1 : Tower_3 :  attack creature.0
[05/04/2016 11:07:46 PM] : WAVE_1 : Tower_3 :  attack creature.0
[05/04/2016 11:07:46 PM] : WAVE_1 : Tower_3 :  attack creature.0
[05/04/2016 11:07:46 PM] : WAVE_1 : Tower_3 :  attack creature.0
[05/04/2016 11:07:46 PM] : WAVE_1 : Tower_3 :  attack creature.1
[05/04/2016 11:07:46 PM] : WAVE_1 : Tower_3 :  attack creature.1
[05/04/2016 11:07:46 PM] : WAVE_1 : Tower_3 :  attack creature.1
[05/04/2016 11:07:46 PM] : WAVE_1 : Tower_3 :  attack creature.1
[05/04/2016 11:07:46 PM] : WAVE_1 : Tower_3 :  attack creature.1
[05/04/2016 11:07:46 PM] : WAVE_1 : Tower_3 :  attack creature.1
[05/04/2016 11:07:46 PM] : WAVE_1 : Tower_3 :  attack creature.1
[05/04/2016 11:07:46 PM] : WAVE_1 : Tower_3 :  attack creature.1
[05/04/2016 11:07:46 PM] : WAVE_1 : Tower_3 :  attack creature.1
[05/04/2016 11:07:46 PM] : WAVE_1 : Tower_3 :  attack creature.1
[05/04/2016 11:07:46 PM] : WAVE_1 : Tower_3 :  attack creature.1
[05/04/2016 11:07:46 PM] : WAVE_1 : Tower_3 :  attack creature.1
[05/04/2016 11:07:46 PM] : WAVE_1 : Tower_3 :  attack creature.1
[05/04/2016 11:07:46 PM] : WAVE_1 : Tower_3 :  attack creature.1
[05/04/2016 11:07:46 PM] : WAVE_1 : Tower_3 :  attack creature.1
[05/04/2016 11:07:46 PM] : WAVE_1 : Tower_3 :  attack creature.1
[05/04/2016 11:07:46 PM] : WAVE_1 : Tower_3 :  attack creature.1
[05/04/2016 11:07:46 PM] : WAVE_1 : Tower_3 :  attack creature.1
[05/04/2016 11:07:47 PM] : WAVE_1 : Tower_3 :  attack creature.1
[05/04/2016 11:07:47 PM] : WAVE_1 : Tower_3 :  attack creature.1
[05/04/2016 11:07:47 PM] : WAVE_1 : Tower_3 :  attack creature.1
[05/04/2016 11:07:47 PM] : WAVE_1 : Tower_3 :  attack creature.1
[05/04/2016 11:07:47 PM] : WAVE_1 : Tower_3 :  attack creature.1
[05/04/2016 11:07:47 PM] : WAVE_1 : Tower_3 :  attack creature.1
[05/04/2016 11:07:47 PM] : WAVE_1 : Tower_3 :  attack creature.1
[05/04/2016 11:07:47 PM] : WAVE_1 : Tower_3 :  attack creature.1
[05/04/2016 11:07:47 PM] : WAVE_1 : Tower_3 :  attack creature.1
[05/04/2016 11:07:47 PM] : WAVE_1 : Tower_3 :  attack creature.1
[05/04/2016 11:07:47 PM] : WAVE_1 : Tower_3 :  attack creature.1
[05/04/2016 11:07:47 PM] : WAVE_1 : Tower_3 :  attack creature.1
[05/04/2016 11:07:47 PM] : WAVE_1 : Tower_3 :  attack creature.2
[05/04/2016 11:07:47 PM] : WAVE_1 : Tower_3 :  attack creature.2
[05/04/2016 11:07:47 PM] : WAVE_1 : Tower_3 :  attack creature.2
[05/04/2016 11:07:47 PM] : WAVE_1 : Tower_3 :  attack creature.2
[05/04/2016 11:07:47 PM] : WAVE_1 : Tower_3 :  attack creature.2
[05/04/2016 11:07:47 PM] : WAVE_1 : Tower_3 :  attack creature.2
[05/04/2016 11:07:47 PM] : WAVE_1 : Tower_3 :  attack creature.2
[05/04/2016 11:07:47 PM] : WAVE_1 : Tower_3 :  attack creature.2
[05/04/2016 11:07:47 PM] : WAVE_1 : Tower_3 :  attack creature.2
[05/04/2016 11:07:47 PM] : WAVE_1 : Tower_3 :  attack creature.2
[05/04/2016 11:07:47 PM] : WAVE_1 : Tower_3 :  attack creature.2
[05/04/2016 11:07:47 PM] : WAVE_1 : Tower_3 :  attack creature.2
[05/04/2016 11:07:48 PM] : WAVE_1 : Tower_3 :  attack creature.2
[05/04/2016 11:07:48 PM] : WAVE_1 : Tower_3 :  attack creature.2
[05/04/2016 11:07:48 PM] : WAVE_1 : Tower_3 :  attack creature.2
[05/04/2016 11:07:48 PM] : WAVE_1 : Tower_3 :  attack creature.2
[05/04/2016 11:07:48 PM] : WAVE_1 : Tower_3 :  attack creature.2
[05/04/2016 11:07:48 PM] : WAVE_1 : Tower_3 :  attack creature.2
[05/04/2016 11:07:48 PM] : WAVE_1 : Tower_3 :  attack creature.2
[05/04/2016 11:07:48 PM] : WAVE_1 : Tower_3 :  attack creature.2
[05/04/2016 11:07:48 PM] : WAVE_1 : Tower_3 :  attack creature.2
[05/04/2016 11:07:48 PM] : WAVE_1 : Tower_3 :  attack creature.2
[05/04/2016 11:07:48 PM] : WAVE_1 : Tower_3 :  attack creature.2
[05/04/2016 11:07:48 PM] : WAVE_1 : Tower_3 :  attack creature.2
[05/04/2016 11:07:48 PM] : WAVE_1 : Tower_3 :  attack creature.2
[05/04/2016 11:07:48 PM] : WAVE_1 : Tower_3 :  attack creature.2
[05/04/2016 11:07:48 PM] : WAVE_1 : Tower_3 :  attack creature.2
[05/04/2016 11:07:48 PM] : WAVE_1 : Tower_3 :  attack creature.2
[05/04/2016 11:07:48 PM] : WAVE_1 : Tower_3 :  attack creature.2
[05/04/2016 11:07:48 PM] : WAVE_1 : Tower_3 :  attack creature.2
[05/04/2016 11:07:48 PM] : WAVE_1 : Tower_3 :  attack creature.2
[05/04/2016 11:07:48 PM] : WAVE_1 : Tower_3 :  attack creature.2
[05/04/2016 11:07:48 PM] : WAVE_1 : Tower_3 :  attack creature.2
[05/04/2016 11:07:48 PM] : WAVE_1 : Tower_3 :  attack creature.2
[05/04/2016 11:07:48 PM] : WAVE_1 : Tower_3 :  attack creature.2
[05/04/2016 11:07:48 PM] : WAVE_1 : Tower_3 :  attack creature.2
[05/04/2016 11:07:49 PM] : WAVE_1 : Tower_3 :  attack creature.2
[05/04/2016 11:07:49 PM] : WAVE_1 : Tower_3 :  attack creature.2
[05/04/2016 11:07:49 PM] : WAVE_1 : Tower_3 :  attack creature.2
[05/04/2016 11:07:49 PM] : WAVE_1 : Tower_3 :  attack creature.2
[05/04/2016 11:07:49 PM] : WAVE_1 : Tower_3 :  attack creature.2
[05/04/2016 11:07:49 PM] : WAVE_1 : Tower_3 :  attack creature.2
[05/04/2016 11:07:49 PM] : WAVE_1 : Tower_3 :  attack creature.2
[05/04/2016 11:07:49 PM] : WAVE_1 : Tower_3 :  attack creature.2
[05/04/2016 11:07:49 PM] : WAVE_1 : Tower_3 :  attack creature.2
[05/04/2016 11:07:49 PM] : WAVE_1 : Tower_3 :  attack creature.2
[05/04/2016 11:07:49 PM] : WAVE_1 : Tower_3 :  attack creature.2
[05/04/2016 11:07:49 PM] : WAVE_1 : Tower_3 :  attack creature.2
[05/04/2016 11:07:49 PM] : WAVE_1 : Tower_3 :  attack creature.2
[05/04/2016 11:07:49 PM] : WAVE_1 : Tower_3 :  attack creature.2
[05/04/2016 11:07:49 PM] : WAVE_1 : Tower_3 :  attack creature.2
[05/04/2016 11:07:49 PM] : WAVE_1 : Tower_3 :  attack creature.2
[05/04/2016 11:07:49 PM] : WAVE_1 : Tower_3 :  attack creature.2
[05/04/2016 11:07:49 PM] : WAVE_1 : Tower_3 :  attack creature.2
[05/04/2016 11:07:49 PM] : WAVE_1 : Tower_3 :  attack creature.2
[05/04/2016 11:07:49 PM] : WAVE_1 : Tower_3 :  attack creature.2
[05/04/2016 11:07:49 PM] : WAVE_1 : Tower_3 :  attack creature.2
[05/04/2016 11:07:49 PM] : WAVE_1 : Tower_3 :  attack creature.2
[05/04/2016 11:07:49 PM] : WAVE_1 : Tower_3 :  attack creature.2
[05/04/2016 11:07:49 PM] : WAVE_1 : Tower_3 :  attack creature.2
[05/04/2016 11:07:49 PM] : WAVE_1 : Tower_3 :  attack creature.2
[05/04/2016 11:07:49 PM] : WAVE_1 : Tower_3 :  attack creature.2
[05/04/2016 11:07:49 PM] : WAVE_1 : Tower_3 :  attack creature.2
[05/04/2016 11:07:50 PM] : WAVE_1 : Tower_3 :  attack creature.2
[05/04/2016 11:07:50 PM] : WAVE_1 : Tower_3 :  attack creature.2
[05/04/2016 11:07:50 PM] : WAVE_1 : Tower_3 :  attack creature.2
[05/04/2016 11:07:50 PM] : WAVE_1 : Tower_3 :  attack creature.2
[05/04/2016 11:07:50 PM] : WAVE_1 : Tower_3 :  attack creature.2
[05/04/2016 11:07:50 PM] : WAVE_1 : Tower_3 :  attack creature.2
[05/04/2016 11:07:50 PM] : WAVE_1 : Tower_3 :  attack creature.2
[05/04/2016 11:07:50 PM] : WAVE_1 : Tower_3 :  attack creature.2
[05/04/2016 11:07:50 PM] : WAVE_1 : Tower_3 :  attack creature.2
[05/04/2016 11:07:50 PM] : WAVE_1 : Tower_3 :  attack creature.2
[05/04/2016 11:07:50 PM] : WAVE_1 : Tower_3 :  attack creature.2
[05/04/2016 11:07:50 PM] : WAVE_1 : Tower_3 :  attack creature.2
[05/04/2016 11:07:50 PM] : WAVE_1 : Tower_3 :  attack creature.2
[05/04/2016 11:07:50 PM] : WAVE_1 : Tower_3 :  attack creature.2
[05/04/2016 11:07:50 PM] : WAVE_1 : Tower_3 :  attack creature.2
[05/04/2016 11:07:50 PM] : WAVE_1 : Tower_3 :  attack creature.2
[05/04/2016 11:07:50 PM] : WAVE_1 : Tower_3 :  attack creature.2
[05/04/2016 11:07:50 PM] : WAVE_1 : Tower_3 :  attack creature.2
[05/04/2016 11:07:50 PM] : WAVE_1 : Tower_3 :  attack creature.2
[05/04/2016 11:07:50 PM] : WAVE_1 : Tower_3 :  attack creature.2
[05/04/2016 11:07:50 PM] : WAVE_1 : Tower_3 :  attack creature.2
[05/04/2016 11:07:50 PM] : WAVE_1 : Tower_3 :  attack creature.2
[05/04/2016 11:07:50 PM] : WAVE_1 : Tower_3 :  attack creature.2
[05/04/2016 11:07:50 PM] : WAVE_1 : Tower_3 :  attack creature.2
[05/04/2016 11:07:51 PM] : WAVE_1 : Tower_3 :  attack creature.2
[05/04/2016 11:07:51 PM] : WAVE_1 : Tower_3 :  attack creature.2
[05/04/2016 11:07:51 PM] : WAVE_1 : Tower_3 :  attack creature.2
